{"error":{},"level":"error","message":"uncaughtException: Unexpected token '{'\nE:\\register api\\Campus_Recruitment_App\\backend\\routes\\auth.js:367\n  Admin.findOne({}) {\n                    ^\n\nSyntaxError: Unexpected token '{'\n    at wrapSafe (internal/modules/cjs/loader.js:1072:16)\n    at Module._compile (internal/modules/cjs/loader.js:1122:27)\n    at Object.Module._extensions..js (internal/modules/cjs/loader.js:1178:10)\n    at Module.load (internal/modules/cjs/loader.js:1002:32)\n    at Function.Module._load (internal/modules/cjs/loader.js:901:14)\n    at Module.require (internal/modules/cjs/loader.js:1044:19)\n    at require (internal/modules/cjs/helpers.js:77:18)\n    at Object.<anonymous> (E:\\register api\\Campus_Recruitment_App\\backend\\index.js:8:19)\n    at Module._compile (internal/modules/cjs/loader.js:1158:30)\n    at Object.Module._extensions..js (internal/modules/cjs/loader.js:1178:10)\n    at Module.load (internal/modules/cjs/loader.js:1002:32)\n    at Function.Module._load (internal/modules/cjs/loader.js:901:14)\n    at Module.require (internal/modules/cjs/loader.js:1044:19)\n    at require (internal/modules/cjs/helpers.js:77:18)\n    at Object.<anonymous> (E:\\register api\\Campus_Recruitment_App\\backend\\server.js:1:13)\n    at Module._compile (internal/modules/cjs/loader.js:1158:30)","stack":"E:\\register api\\Campus_Recruitment_App\\backend\\routes\\auth.js:367\n  Admin.findOne({}) {\n                    ^\n\nSyntaxError: Unexpected token '{'\n    at wrapSafe (internal/modules/cjs/loader.js:1072:16)\n    at Module._compile (internal/modules/cjs/loader.js:1122:27)\n    at Object.Module._extensions..js (internal/modules/cjs/loader.js:1178:10)\n    at Module.load (internal/modules/cjs/loader.js:1002:32)\n    at Function.Module._load (internal/modules/cjs/loader.js:901:14)\n    at Module.require (internal/modules/cjs/loader.js:1044:19)\n    at require (internal/modules/cjs/helpers.js:77:18)\n    at Object.<anonymous> (E:\\register api\\Campus_Recruitment_App\\backend\\index.js:8:19)\n    at Module._compile (internal/modules/cjs/loader.js:1158:30)\n    at Object.Module._extensions..js (internal/modules/cjs/loader.js:1178:10)\n    at Module.load (internal/modules/cjs/loader.js:1002:32)\n    at Function.Module._load (internal/modules/cjs/loader.js:901:14)\n    at Module.require (internal/modules/cjs/loader.js:1044:19)\n    at require (internal/modules/cjs/helpers.js:77:18)\n    at Object.<anonymous> (E:\\register api\\Campus_Recruitment_App\\backend\\server.js:1:13)\n    at Module._compile (internal/modules/cjs/loader.js:1158:30)","exception":true,"date":"Mon May 25 2020 09:16:56 GMT+0530 (India Standard Time)","process":{"pid":13240,"uid":null,"gid":null,"cwd":"E:\\register api\\Campus_Recruitment_App\\backend","execPath":"C:\\Program Files\\nodejs\\node.exe","version":"v12.16.1","argv":["C:\\Program Files\\nodejs\\node.exe","E:\\register api\\Campus_Recruitment_App\\backend\\server.js"],"memoryUsage":{"rss":54824960,"heapTotal":32333824,"heapUsed":16932712,"external":19777036}},"os":{"loadavg":[0,0,0],"uptime":4749},"trace":[{"column":16,"file":"internal/modules/cjs/loader.js","function":"wrapSafe","line":1072,"method":null,"native":false},{"column":27,"file":"internal/modules/cjs/loader.js","function":"Module._compile","line":1122,"method":"_compile","native":false},{"column":10,"file":"internal/modules/cjs/loader.js","function":"Module._extensions..js","line":1178,"method":".js","native":false},{"column":32,"file":"internal/modules/cjs/loader.js","function":"Module.load","line":1002,"method":"load","native":false},{"column":14,"file":"internal/modules/cjs/loader.js","function":"Module._load","line":901,"method":"_load","native":false},{"column":19,"file":"internal/modules/cjs/loader.js","function":"Module.require","line":1044,"method":"require","native":false},{"column":18,"file":"internal/modules/cjs/helpers.js","function":"require","line":77,"method":null,"native":false},{"column":19,"file":"E:\\register api\\Campus_Recruitment_App\\backend\\index.js","function":null,"line":8,"method":null,"native":false},{"column":30,"file":"internal/modules/cjs/loader.js","function":"Module._compile","line":1158,"method":"_compile","native":false},{"column":10,"file":"internal/modules/cjs/loader.js","function":"Module._extensions..js","line":1178,"method":".js","native":false},{"column":32,"file":"internal/modules/cjs/loader.js","function":"Module.load","line":1002,"method":"load","native":false},{"column":14,"file":"internal/modules/cjs/loader.js","function":"Module._load","line":901,"method":"_load","native":false},{"column":19,"file":"internal/modules/cjs/loader.js","function":"Module.require","line":1044,"method":"require","native":false},{"column":18,"file":"internal/modules/cjs/helpers.js","function":"require","line":77,"method":null,"native":false},{"column":13,"file":"E:\\register api\\Campus_Recruitment_App\\backend\\server.js","function":null,"line":1,"method":null,"native":false},{"column":30,"file":"internal/modules/cjs/loader.js","function":"Module._compile","line":1158,"method":"_compile","native":false}],"timestamp":"2020-05-25T03:46:56.972Z"}
{"error":{},"level":"error","message":"uncaughtException: missing ) after argument list\nE:\\register api\\Campus_Recruitment_App\\backend\\routes\\auth.js:383\n      console.log((user)\n                       ^\n\nSyntaxError: missing ) after argument list\n    at wrapSafe (internal/modules/cjs/loader.js:1072:16)\n    at Module._compile (internal/modules/cjs/loader.js:1122:27)\n    at Object.Module._extensions..js (internal/modules/cjs/loader.js:1178:10)\n    at Module.load (internal/modules/cjs/loader.js:1002:32)\n    at Function.Module._load (internal/modules/cjs/loader.js:901:14)\n    at Module.require (internal/modules/cjs/loader.js:1044:19)\n    at require (internal/modules/cjs/helpers.js:77:18)\n    at Object.<anonymous> (E:\\register api\\Campus_Recruitment_App\\backend\\index.js:8:19)\n    at Module._compile (internal/modules/cjs/loader.js:1158:30)\n    at Object.Module._extensions..js (internal/modules/cjs/loader.js:1178:10)\n    at Module.load (internal/modules/cjs/loader.js:1002:32)\n    at Function.Module._load (internal/modules/cjs/loader.js:901:14)\n    at Module.require (internal/modules/cjs/loader.js:1044:19)\n    at require (internal/modules/cjs/helpers.js:77:18)\n    at Object.<anonymous> (E:\\register api\\Campus_Recruitment_App\\backend\\server.js:1:13)\n    at Module._compile (internal/modules/cjs/loader.js:1158:30)","stack":"E:\\register api\\Campus_Recruitment_App\\backend\\routes\\auth.js:383\n      console.log((user)\n                       ^\n\nSyntaxError: missing ) after argument list\n    at wrapSafe (internal/modules/cjs/loader.js:1072:16)\n    at Module._compile (internal/modules/cjs/loader.js:1122:27)\n    at Object.Module._extensions..js (internal/modules/cjs/loader.js:1178:10)\n    at Module.load (internal/modules/cjs/loader.js:1002:32)\n    at Function.Module._load (internal/modules/cjs/loader.js:901:14)\n    at Module.require (internal/modules/cjs/loader.js:1044:19)\n    at require (internal/modules/cjs/helpers.js:77:18)\n    at Object.<anonymous> (E:\\register api\\Campus_Recruitment_App\\backend\\index.js:8:19)\n    at Module._compile (internal/modules/cjs/loader.js:1158:30)\n    at Object.Module._extensions..js (internal/modules/cjs/loader.js:1178:10)\n    at Module.load (internal/modules/cjs/loader.js:1002:32)\n    at Function.Module._load (internal/modules/cjs/loader.js:901:14)\n    at Module.require (internal/modules/cjs/loader.js:1044:19)\n    at require (internal/modules/cjs/helpers.js:77:18)\n    at Object.<anonymous> (E:\\register api\\Campus_Recruitment_App\\backend\\server.js:1:13)\n    at Module._compile (internal/modules/cjs/loader.js:1158:30)","exception":true,"date":"Mon May 25 2020 09:57:39 GMT+0530 (India Standard Time)","process":{"pid":13900,"uid":null,"gid":null,"cwd":"E:\\register api\\Campus_Recruitment_App\\backend","execPath":"C:\\Program Files\\nodejs\\node.exe","version":"v12.16.1","argv":["C:\\Program Files\\nodejs\\node.exe","E:\\register api\\Campus_Recruitment_App\\backend\\server.js"],"memoryUsage":{"rss":54415360,"heapTotal":31289344,"heapUsed":21391728,"external":20593180}},"os":{"loadavg":[0,0,0],"uptime":7192},"trace":[{"column":16,"file":"internal/modules/cjs/loader.js","function":"wrapSafe","line":1072,"method":null,"native":false},{"column":27,"file":"internal/modules/cjs/loader.js","function":"Module._compile","line":1122,"method":"_compile","native":false},{"column":10,"file":"internal/modules/cjs/loader.js","function":"Module._extensions..js","line":1178,"method":".js","native":false},{"column":32,"file":"internal/modules/cjs/loader.js","function":"Module.load","line":1002,"method":"load","native":false},{"column":14,"file":"internal/modules/cjs/loader.js","function":"Module._load","line":901,"method":"_load","native":false},{"column":19,"file":"internal/modules/cjs/loader.js","function":"Module.require","line":1044,"method":"require","native":false},{"column":18,"file":"internal/modules/cjs/helpers.js","function":"require","line":77,"method":null,"native":false},{"column":19,"file":"E:\\register api\\Campus_Recruitment_App\\backend\\index.js","function":null,"line":8,"method":null,"native":false},{"column":30,"file":"internal/modules/cjs/loader.js","function":"Module._compile","line":1158,"method":"_compile","native":false},{"column":10,"file":"internal/modules/cjs/loader.js","function":"Module._extensions..js","line":1178,"method":".js","native":false},{"column":32,"file":"internal/modules/cjs/loader.js","function":"Module.load","line":1002,"method":"load","native":false},{"column":14,"file":"internal/modules/cjs/loader.js","function":"Module._load","line":901,"method":"_load","native":false},{"column":19,"file":"internal/modules/cjs/loader.js","function":"Module.require","line":1044,"method":"require","native":false},{"column":18,"file":"internal/modules/cjs/helpers.js","function":"require","line":77,"method":null,"native":false},{"column":13,"file":"E:\\register api\\Campus_Recruitment_App\\backend\\server.js","function":null,"line":1,"method":null,"native":false},{"column":30,"file":"internal/modules/cjs/loader.js","function":"Module._compile","line":1158,"method":"_compile","native":false}],"timestamp":"2020-05-25T04:27:39.758Z"}
error: uncaughtException: Cannot read property '0' of undefined
TypeError: Cannot read property '0' of undefined
    at errorHandler (E:\register api\Campus_Recruitment_App\backend\routes\auth.js:53:27)
    at E:\register api\Campus_Recruitment_App\backend\routes\auth.js:370:16
    at E:\register api\Campus_Recruitment_App\backend\node_modules\mongoose\lib\model.js:4837:16
    at E:\register api\Campus_Recruitment_App\backend\node_modules\mongoose\lib\model.js:4837:16
    at E:\register api\Campus_Recruitment_App\backend\node_modules\mongoose\lib\helpers\promiseOrCallback.js:16:11
    at E:\register api\Campus_Recruitment_App\backend\node_modules\mongoose\lib\model.js:4860:21
    at E:\register api\Campus_Recruitment_App\backend\node_modules\mongoose\lib\query.js:4362:18
    at model.Query.<anonymous> (E:\register api\Campus_Recruitment_App\backend\node_modules\mongoose\lib\query.js:2122:5)
    at model.Query._wrappedThunk [as _findOne] (E:\register api\Campus_Recruitment_App\backend\node_modules\mongoose\lib\helpers\query\wrapThunk.js:16:8)
    at E:\register api\Campus_Recruitment_App\backend\node_modules\kareem\index.js:369:33
    at processTicksAndRejections (internal/process/task_queues.js:79:11) {"error":{},"stack":"TypeError: Cannot read property '0' of undefined\n    at errorHandler (E:\\register api\\Campus_Recruitment_App\\backend\\routes\\auth.js:53:27)\n    at E:\\register api\\Campus_Recruitment_App\\backend\\routes\\auth.js:370:16\n    at E:\\register api\\Campus_Recruitment_App\\backend\\node_modules\\mongoose\\lib\\model.js:4837:16\n    at E:\\register api\\Campus_Recruitment_App\\backend\\node_modules\\mongoose\\lib\\model.js:4837:16\n    at E:\\register api\\Campus_Recruitment_App\\backend\\node_modules\\mongoose\\lib\\helpers\\promiseOrCallback.js:16:11\n    at E:\\register api\\Campus_Recruitment_App\\backend\\node_modules\\mongoose\\lib\\model.js:4860:21\n    at E:\\register api\\Campus_Recruitment_App\\backend\\node_modules\\mongoose\\lib\\query.js:4362:18\n    at model.Query.<anonymous> (E:\\register api\\Campus_Recruitment_App\\backend\\node_modules\\mongoose\\lib\\query.js:2122:5)\n    at model.Query._wrappedThunk [as _findOne] (E:\\register api\\Campus_Recruitment_App\\backend\\node_modules\\mongoose\\lib\\helpers\\query\\wrapThunk.js:16:8)\n    at E:\\register api\\Campus_Recruitment_App\\backend\\node_modules\\kareem\\index.js:369:33\n    at processTicksAndRejections (internal/process/task_queues.js:79:11)","exception":true,"date":"Mon May 25 2020 10:30:49 GMT+0530 (India Standard Time)","process":{"pid":5080,"uid":null,"gid":null,"cwd":"E:\\register api\\Campus_Recruitment_App\\backend","execPath":"C:\\Program Files\\nodejs\\node.exe","version":"v12.16.1","argv":["C:\\Program Files\\nodejs\\node.exe","E:\\register api\\Campus_Recruitment_App\\backend\\server.js"],"memoryUsage":{"rss":43606016,"heapTotal":20189184,"heapUsed":18076912,"external":19627876}},"os":{"loadavg":[0,0,0],"uptime":9182},"trace":[{"column":27,"file":"E:\\register api\\Campus_Recruitment_App\\backend\\routes\\auth.js","function":"errorHandler","line":53,"method":null,"native":false},{"column":16,"file":"E:\\register api\\Campus_Recruitment_App\\backend\\routes\\auth.js","function":null,"line":370,"method":null,"native":false},{"column":16,"file":"E:\\register api\\Campus_Recruitment_App\\backend\\node_modules\\mongoose\\lib\\model.js","function":null,"line":4837,"method":null,"native":false},{"column":16,"file":"E:\\register api\\Campus_Recruitment_App\\backend\\node_modules\\mongoose\\lib\\model.js","function":null,"line":4837,"method":null,"native":false},{"column":11,"file":"E:\\register api\\Campus_Recruitment_App\\backend\\node_modules\\mongoose\\lib\\helpers\\promiseOrCallback.js","function":null,"line":16,"method":null,"native":false},{"column":21,"file":"E:\\register api\\Campus_Recruitment_App\\backend\\node_modules\\mongoose\\lib\\model.js","function":null,"line":4860,"method":null,"native":false},{"column":18,"file":"E:\\register api\\Campus_Recruitment_App\\backend\\node_modules\\mongoose\\lib\\query.js","function":null,"line":4362,"method":null,"native":false},{"column":5,"file":"E:\\register api\\Campus_Recruitment_App\\backend\\node_modules\\mongoose\\lib\\query.js","function":null,"line":2122,"method":null,"native":false},{"column":8,"file":"E:\\register api\\Campus_Recruitment_App\\backend\\node_modules\\mongoose\\lib\\helpers\\query\\wrapThunk.js","function":"model.Query._wrappedThunk [as _findOne]","line":16,"method":"_wrappedThunk [as _findOne]","native":false},{"column":33,"file":"E:\\register api\\Campus_Recruitment_App\\backend\\node_modules\\kareem\\index.js","function":null,"line":369,"method":null,"native":false},{"column":11,"file":"internal/process/task_queues.js","function":"processTicksAndRejections","line":79,"method":null,"native":false}],"timestamp":"2020-05-25T05:00:49.982Z"}
error: uncaughtException: Cannot read property '0' of undefined
TypeError: Cannot read property '0' of undefined
    at errorHandler (E:\register api\Campus_Recruitment_App\backend\routes\auth.js:53:27)
    at E:\register api\Campus_Recruitment_App\backend\routes\auth.js:370:16
    at E:\register api\Campus_Recruitment_App\backend\node_modules\mongoose\lib\model.js:4837:16
    at E:\register api\Campus_Recruitment_App\backend\node_modules\mongoose\lib\model.js:4837:16
    at E:\register api\Campus_Recruitment_App\backend\node_modules\mongoose\lib\helpers\promiseOrCallback.js:16:11
    at E:\register api\Campus_Recruitment_App\backend\node_modules\mongoose\lib\model.js:4860:21
    at E:\register api\Campus_Recruitment_App\backend\node_modules\mongoose\lib\query.js:4362:18
    at model.Query.<anonymous> (E:\register api\Campus_Recruitment_App\backend\node_modules\mongoose\lib\query.js:2122:5)
    at model.Query._wrappedThunk [as _findOne] (E:\register api\Campus_Recruitment_App\backend\node_modules\mongoose\lib\helpers\query\wrapThunk.js:16:8)
    at E:\register api\Campus_Recruitment_App\backend\node_modules\kareem\index.js:369:33
    at processTicksAndRejections (internal/process/task_queues.js:79:11) {"error":{},"stack":"TypeError: Cannot read property '0' of undefined\n    at errorHandler (E:\\register api\\Campus_Recruitment_App\\backend\\routes\\auth.js:53:27)\n    at E:\\register api\\Campus_Recruitment_App\\backend\\routes\\auth.js:370:16\n    at E:\\register api\\Campus_Recruitment_App\\backend\\node_modules\\mongoose\\lib\\model.js:4837:16\n    at E:\\register api\\Campus_Recruitment_App\\backend\\node_modules\\mongoose\\lib\\model.js:4837:16\n    at E:\\register api\\Campus_Recruitment_App\\backend\\node_modules\\mongoose\\lib\\helpers\\promiseOrCallback.js:16:11\n    at E:\\register api\\Campus_Recruitment_App\\backend\\node_modules\\mongoose\\lib\\model.js:4860:21\n    at E:\\register api\\Campus_Recruitment_App\\backend\\node_modules\\mongoose\\lib\\query.js:4362:18\n    at model.Query.<anonymous> (E:\\register api\\Campus_Recruitment_App\\backend\\node_modules\\mongoose\\lib\\query.js:2122:5)\n    at model.Query._wrappedThunk [as _findOne] (E:\\register api\\Campus_Recruitment_App\\backend\\node_modules\\mongoose\\lib\\helpers\\query\\wrapThunk.js:16:8)\n    at E:\\register api\\Campus_Recruitment_App\\backend\\node_modules\\kareem\\index.js:369:33\n    at processTicksAndRejections (internal/process/task_queues.js:79:11)","exception":true,"date":"Mon May 25 2020 10:31:58 GMT+0530 (India Standard Time)","process":{"pid":6616,"uid":null,"gid":null,"cwd":"E:\\register api\\Campus_Recruitment_App\\backend","execPath":"C:\\Program Files\\nodejs\\node.exe","version":"v12.16.1","argv":["C:\\Program Files\\nodejs\\node.exe","E:\\register api\\Campus_Recruitment_App\\backend\\server.js"],"memoryUsage":{"rss":60207104,"heapTotal":36184064,"heapUsed":23987120,"external":19747151}},"os":{"loadavg":[0,0,0],"uptime":9250},"trace":[{"column":27,"file":"E:\\register api\\Campus_Recruitment_App\\backend\\routes\\auth.js","function":"errorHandler","line":53,"method":null,"native":false},{"column":16,"file":"E:\\register api\\Campus_Recruitment_App\\backend\\routes\\auth.js","function":null,"line":370,"method":null,"native":false},{"column":16,"file":"E:\\register api\\Campus_Recruitment_App\\backend\\node_modules\\mongoose\\lib\\model.js","function":null,"line":4837,"method":null,"native":false},{"column":16,"file":"E:\\register api\\Campus_Recruitment_App\\backend\\node_modules\\mongoose\\lib\\model.js","function":null,"line":4837,"method":null,"native":false},{"column":11,"file":"E:\\register api\\Campus_Recruitment_App\\backend\\node_modules\\mongoose\\lib\\helpers\\promiseOrCallback.js","function":null,"line":16,"method":null,"native":false},{"column":21,"file":"E:\\register api\\Campus_Recruitment_App\\backend\\node_modules\\mongoose\\lib\\model.js","function":null,"line":4860,"method":null,"native":false},{"column":18,"file":"E:\\register api\\Campus_Recruitment_App\\backend\\node_modules\\mongoose\\lib\\query.js","function":null,"line":4362,"method":null,"native":false},{"column":5,"file":"E:\\register api\\Campus_Recruitment_App\\backend\\node_modules\\mongoose\\lib\\query.js","function":null,"line":2122,"method":null,"native":false},{"column":8,"file":"E:\\register api\\Campus_Recruitment_App\\backend\\node_modules\\mongoose\\lib\\helpers\\query\\wrapThunk.js","function":"model.Query._wrappedThunk [as _findOne]","line":16,"method":"_wrappedThunk [as _findOne]","native":false},{"column":33,"file":"E:\\register api\\Campus_Recruitment_App\\backend\\node_modules\\kareem\\index.js","function":null,"line":369,"method":null,"native":false},{"column":11,"file":"internal/process/task_queues.js","function":"processTicksAndRejections","line":79,"method":null,"native":false}],"timestamp":"2020-05-25T05:01:58.463Z"}
error: uncaughtException: Unexpected token ')'
E:\register api\Campus_Recruitment_App\backend\routes\auth.js:294
        email = admin.email),
                           ^

SyntaxError: Unexpected token ')'
    at wrapSafe (internal/modules/cjs/loader.js:1072:16)
    at Module._compile (internal/modules/cjs/loader.js:1122:27)
    at Object.Module._extensions..js (internal/modules/cjs/loader.js:1178:10)
    at Module.load (internal/modules/cjs/loader.js:1002:32)
    at Function.Module._load (internal/modules/cjs/loader.js:901:14)
    at Module.require (internal/modules/cjs/loader.js:1044:19)
    at require (internal/modules/cjs/helpers.js:77:18)
    at Object.<anonymous> (E:\register api\Campus_Recruitment_App\backend\index.js:8:19)
    at Module._compile (internal/modules/cjs/loader.js:1158:30)
    at Object.Module._extensions..js (internal/modules/cjs/loader.js:1178:10)
    at Module.load (internal/modules/cjs/loader.js:1002:32)
    at Function.Module._load (internal/modules/cjs/loader.js:901:14)
    at Module.require (internal/modules/cjs/loader.js:1044:19)
    at require (internal/modules/cjs/helpers.js:77:18)
    at Object.<anonymous> (E:\register api\Campus_Recruitment_App\backend\server.js:1:13)
    at Module._compile (internal/modules/cjs/loader.js:1158:30) {"error":{},"stack":"E:\\register api\\Campus_Recruitment_App\\backend\\routes\\auth.js:294\n        email = admin.email),\n                           ^\n\nSyntaxError: Unexpected token ')'\n    at wrapSafe (internal/modules/cjs/loader.js:1072:16)\n    at Module._compile (internal/modules/cjs/loader.js:1122:27)\n    at Object.Module._extensions..js (internal/modules/cjs/loader.js:1178:10)\n    at Module.load (internal/modules/cjs/loader.js:1002:32)\n    at Function.Module._load (internal/modules/cjs/loader.js:901:14)\n    at Module.require (internal/modules/cjs/loader.js:1044:19)\n    at require (internal/modules/cjs/helpers.js:77:18)\n    at Object.<anonymous> (E:\\register api\\Campus_Recruitment_App\\backend\\index.js:8:19)\n    at Module._compile (internal/modules/cjs/loader.js:1158:30)\n    at Object.Module._extensions..js (internal/modules/cjs/loader.js:1178:10)\n    at Module.load (internal/modules/cjs/loader.js:1002:32)\n    at Function.Module._load (internal/modules/cjs/loader.js:901:14)\n    at Module.require (internal/modules/cjs/loader.js:1044:19)\n    at require (internal/modules/cjs/helpers.js:77:18)\n    at Object.<anonymous> (E:\\register api\\Campus_Recruitment_App\\backend\\server.js:1:13)\n    at Module._compile (internal/modules/cjs/loader.js:1158:30)","exception":true,"date":"Mon May 25 2020 14:31:27 GMT+0530 (India Standard Time)","process":{"pid":1304,"uid":null,"gid":null,"cwd":"E:\\register api\\Campus_Recruitment_App\\backend","execPath":"C:\\Program Files\\nodejs\\node.exe","version":"v12.16.1","argv":["C:\\Program Files\\nodejs\\node.exe","E:\\register api\\Campus_Recruitment_App\\backend\\server.js"],"memoryUsage":{"rss":54562816,"heapTotal":32071680,"heapUsed":17044424,"external":19777388}},"os":{"loadavg":[0,0,0],"uptime":23620},"trace":[{"column":16,"file":"internal/modules/cjs/loader.js","function":"wrapSafe","line":1072,"method":null,"native":false},{"column":27,"file":"internal/modules/cjs/loader.js","function":"Module._compile","line":1122,"method":"_compile","native":false},{"column":10,"file":"internal/modules/cjs/loader.js","function":"Module._extensions..js","line":1178,"method":".js","native":false},{"column":32,"file":"internal/modules/cjs/loader.js","function":"Module.load","line":1002,"method":"load","native":false},{"column":14,"file":"internal/modules/cjs/loader.js","function":"Module._load","line":901,"method":"_load","native":false},{"column":19,"file":"internal/modules/cjs/loader.js","function":"Module.require","line":1044,"method":"require","native":false},{"column":18,"file":"internal/modules/cjs/helpers.js","function":"require","line":77,"method":null,"native":false},{"column":19,"file":"E:\\register api\\Campus_Recruitment_App\\backend\\index.js","function":null,"line":8,"method":null,"native":false},{"column":30,"file":"internal/modules/cjs/loader.js","function":"Module._compile","line":1158,"method":"_compile","native":false},{"column":10,"file":"internal/modules/cjs/loader.js","function":"Module._extensions..js","line":1178,"method":".js","native":false},{"column":32,"file":"internal/modules/cjs/loader.js","function":"Module.load","line":1002,"method":"load","native":false},{"column":14,"file":"internal/modules/cjs/loader.js","function":"Module._load","line":901,"method":"_load","native":false},{"column":19,"file":"internal/modules/cjs/loader.js","function":"Module.require","line":1044,"method":"require","native":false},{"column":18,"file":"internal/modules/cjs/helpers.js","function":"require","line":77,"method":null,"native":false},{"column":13,"file":"E:\\register api\\Campus_Recruitment_App\\backend\\server.js","function":null,"line":1,"method":null,"native":false},{"column":30,"file":"internal/modules/cjs/loader.js","function":"Module._compile","line":1158,"method":"_compile","native":false}],"timestamp":"2020-05-25T09:01:27.934Z"}
error: uncaughtException: Unexpected token '}'
E:\register api\Campus_Recruitment_App\backend\routes\auth.js:361
  }
  ^

SyntaxError: Unexpected token '}'
    at wrapSafe (internal/modules/cjs/loader.js:1072:16)
    at Module._compile (internal/modules/cjs/loader.js:1122:27)
    at Object.Module._extensions..js (internal/modules/cjs/loader.js:1178:10)
    at Module.load (internal/modules/cjs/loader.js:1002:32)
    at Function.Module._load (internal/modules/cjs/loader.js:901:14)
    at Module.require (internal/modules/cjs/loader.js:1044:19)
    at require (internal/modules/cjs/helpers.js:77:18)
    at Object.<anonymous> (E:\register api\Campus_Recruitment_App\backend\index.js:8:19)
    at Module._compile (internal/modules/cjs/loader.js:1158:30)
    at Object.Module._extensions..js (internal/modules/cjs/loader.js:1178:10)
    at Module.load (internal/modules/cjs/loader.js:1002:32)
    at Function.Module._load (internal/modules/cjs/loader.js:901:14)
    at Module.require (internal/modules/cjs/loader.js:1044:19)
    at require (internal/modules/cjs/helpers.js:77:18)
    at Object.<anonymous> (E:\register api\Campus_Recruitment_App\backend\server.js:1:13)
    at Module._compile (internal/modules/cjs/loader.js:1158:30) {"error":{},"stack":"E:\\register api\\Campus_Recruitment_App\\backend\\routes\\auth.js:361\n  }\n  ^\n\nSyntaxError: Unexpected token '}'\n    at wrapSafe (internal/modules/cjs/loader.js:1072:16)\n    at Module._compile (internal/modules/cjs/loader.js:1122:27)\n    at Object.Module._extensions..js (internal/modules/cjs/loader.js:1178:10)\n    at Module.load (internal/modules/cjs/loader.js:1002:32)\n    at Function.Module._load (internal/modules/cjs/loader.js:901:14)\n    at Module.require (internal/modules/cjs/loader.js:1044:19)\n    at require (internal/modules/cjs/helpers.js:77:18)\n    at Object.<anonymous> (E:\\register api\\Campus_Recruitment_App\\backend\\index.js:8:19)\n    at Module._compile (internal/modules/cjs/loader.js:1158:30)\n    at Object.Module._extensions..js (internal/modules/cjs/loader.js:1178:10)\n    at Module.load (internal/modules/cjs/loader.js:1002:32)\n    at Function.Module._load (internal/modules/cjs/loader.js:901:14)\n    at Module.require (internal/modules/cjs/loader.js:1044:19)\n    at require (internal/modules/cjs/helpers.js:77:18)\n    at Object.<anonymous> (E:\\register api\\Campus_Recruitment_App\\backend\\server.js:1:13)\n    at Module._compile (internal/modules/cjs/loader.js:1158:30)","exception":true,"date":"Mon May 25 2020 14:45:25 GMT+0530 (India Standard Time)","process":{"pid":1360,"uid":null,"gid":null,"cwd":"E:\\register api\\Campus_Recruitment_App\\backend","execPath":"C:\\Program Files\\nodejs\\node.exe","version":"v12.16.1","argv":["C:\\Program Files\\nodejs\\node.exe","E:\\register api\\Campus_Recruitment_App\\backend\\server.js"],"memoryUsage":{"rss":54792192,"heapTotal":32071680,"heapUsed":16935592,"external":19777261}},"os":{"loadavg":[0,0,0],"uptime":24458},"trace":[{"column":16,"file":"internal/modules/cjs/loader.js","function":"wrapSafe","line":1072,"method":null,"native":false},{"column":27,"file":"internal/modules/cjs/loader.js","function":"Module._compile","line":1122,"method":"_compile","native":false},{"column":10,"file":"internal/modules/cjs/loader.js","function":"Module._extensions..js","line":1178,"method":".js","native":false},{"column":32,"file":"internal/modules/cjs/loader.js","function":"Module.load","line":1002,"method":"load","native":false},{"column":14,"file":"internal/modules/cjs/loader.js","function":"Module._load","line":901,"method":"_load","native":false},{"column":19,"file":"internal/modules/cjs/loader.js","function":"Module.require","line":1044,"method":"require","native":false},{"column":18,"file":"internal/modules/cjs/helpers.js","function":"require","line":77,"method":null,"native":false},{"column":19,"file":"E:\\register api\\Campus_Recruitment_App\\backend\\index.js","function":null,"line":8,"method":null,"native":false},{"column":30,"file":"internal/modules/cjs/loader.js","function":"Module._compile","line":1158,"method":"_compile","native":false},{"column":10,"file":"internal/modules/cjs/loader.js","function":"Module._extensions..js","line":1178,"method":".js","native":false},{"column":32,"file":"internal/modules/cjs/loader.js","function":"Module.load","line":1002,"method":"load","native":false},{"column":14,"file":"internal/modules/cjs/loader.js","function":"Module._load","line":901,"method":"_load","native":false},{"column":19,"file":"internal/modules/cjs/loader.js","function":"Module.require","line":1044,"method":"require","native":false},{"column":18,"file":"internal/modules/cjs/helpers.js","function":"require","line":77,"method":null,"native":false},{"column":13,"file":"E:\\register api\\Campus_Recruitment_App\\backend\\server.js","function":null,"line":1,"method":null,"native":false},{"column":30,"file":"internal/modules/cjs/loader.js","function":"Module._compile","line":1158,"method":"_compile","native":false}],"timestamp":"2020-05-25T09:15:25.963Z"}
error: uncaughtException: Router.use() requires a middleware function but got a undefined
TypeError: Router.use() requires a middleware function but got a undefined
    at Function.use (E:\register api\Campus_Recruitment_App\backend\node_modules\express\lib\router\index.js:458:13)
    at Object.<anonymous> (E:\register api\Campus_Recruitment_App\backend\routes\auth.js:35:8)
    at Module._compile (internal/modules/cjs/loader.js:1158:30)
    at Object.Module._extensions..js (internal/modules/cjs/loader.js:1178:10)
    at Module.load (internal/modules/cjs/loader.js:1002:32)
    at Function.Module._load (internal/modules/cjs/loader.js:901:14)
    at Module.require (internal/modules/cjs/loader.js:1044:19)
    at require (internal/modules/cjs/helpers.js:77:18)
    at Object.<anonymous> (E:\register api\Campus_Recruitment_App\backend\index.js:8:19)
    at Module._compile (internal/modules/cjs/loader.js:1158:30)
    at Object.Module._extensions..js (internal/modules/cjs/loader.js:1178:10)
    at Module.load (internal/modules/cjs/loader.js:1002:32)
    at Function.Module._load (internal/modules/cjs/loader.js:901:14)
    at Module.require (internal/modules/cjs/loader.js:1044:19)
    at require (internal/modules/cjs/helpers.js:77:18)
    at Object.<anonymous> (E:\register api\Campus_Recruitment_App\backend\server.js:1:13) {"error":{},"stack":"TypeError: Router.use() requires a middleware function but got a undefined\n    at Function.use (E:\\register api\\Campus_Recruitment_App\\backend\\node_modules\\express\\lib\\router\\index.js:458:13)\n    at Object.<anonymous> (E:\\register api\\Campus_Recruitment_App\\backend\\routes\\auth.js:35:8)\n    at Module._compile (internal/modules/cjs/loader.js:1158:30)\n    at Object.Module._extensions..js (internal/modules/cjs/loader.js:1178:10)\n    at Module.load (internal/modules/cjs/loader.js:1002:32)\n    at Function.Module._load (internal/modules/cjs/loader.js:901:14)\n    at Module.require (internal/modules/cjs/loader.js:1044:19)\n    at require (internal/modules/cjs/helpers.js:77:18)\n    at Object.<anonymous> (E:\\register api\\Campus_Recruitment_App\\backend\\index.js:8:19)\n    at Module._compile (internal/modules/cjs/loader.js:1158:30)\n    at Object.Module._extensions..js (internal/modules/cjs/loader.js:1178:10)\n    at Module.load (internal/modules/cjs/loader.js:1002:32)\n    at Function.Module._load (internal/modules/cjs/loader.js:901:14)\n    at Module.require (internal/modules/cjs/loader.js:1044:19)\n    at require (internal/modules/cjs/helpers.js:77:18)\n    at Object.<anonymous> (E:\\register api\\Campus_Recruitment_App\\backend\\server.js:1:13)","exception":true,"date":"Mon May 25 2020 22:44:40 GMT+0530 (India Standard Time)","process":{"pid":14952,"uid":null,"gid":null,"cwd":"E:\\register api\\Campus_Recruitment_App\\backend","execPath":"C:\\Program Files\\nodejs\\node.exe","version":"v12.16.1","argv":["C:\\Program Files\\nodejs\\node.exe","E:\\register api\\Campus_Recruitment_App\\backend\\server.js"],"memoryUsage":{"rss":58462208,"heapTotal":35921920,"heapUsed":22026160,"external":19712290}},"os":{"loadavg":[0,0,0],"uptime":53212},"trace":[{"column":13,"file":"E:\\register api\\Campus_Recruitment_App\\backend\\node_modules\\express\\lib\\router\\index.js","function":"Function.use","line":458,"method":"use","native":false},{"column":8,"file":"E:\\register api\\Campus_Recruitment_App\\backend\\routes\\auth.js","function":null,"line":35,"method":null,"native":false},{"column":30,"file":"internal/modules/cjs/loader.js","function":"Module._compile","line":1158,"method":"_compile","native":false},{"column":10,"file":"internal/modules/cjs/loader.js","function":"Module._extensions..js","line":1178,"method":".js","native":false},{"column":32,"file":"internal/modules/cjs/loader.js","function":"Module.load","line":1002,"method":"load","native":false},{"column":14,"file":"internal/modules/cjs/loader.js","function":"Module._load","line":901,"method":"_load","native":false},{"column":19,"file":"internal/modules/cjs/loader.js","function":"Module.require","line":1044,"method":"require","native":false},{"column":18,"file":"internal/modules/cjs/helpers.js","function":"require","line":77,"method":null,"native":false},{"column":19,"file":"E:\\register api\\Campus_Recruitment_App\\backend\\index.js","function":null,"line":8,"method":null,"native":false},{"column":30,"file":"internal/modules/cjs/loader.js","function":"Module._compile","line":1158,"method":"_compile","native":false},{"column":10,"file":"internal/modules/cjs/loader.js","function":"Module._extensions..js","line":1178,"method":".js","native":false},{"column":32,"file":"internal/modules/cjs/loader.js","function":"Module.load","line":1002,"method":"load","native":false},{"column":14,"file":"internal/modules/cjs/loader.js","function":"Module._load","line":901,"method":"_load","native":false},{"column":19,"file":"internal/modules/cjs/loader.js","function":"Module.require","line":1044,"method":"require","native":false},{"column":18,"file":"internal/modules/cjs/helpers.js","function":"require","line":77,"method":null,"native":false},{"column":13,"file":"E:\\register api\\Campus_Recruitment_App\\backend\\server.js","function":null,"line":1,"method":null,"native":false}],"timestamp":"2020-05-25T17:14:40.417Z"}
error: uncaughtException: Router.use() requires a middleware function but got a undefined
TypeError: Router.use() requires a middleware function but got a undefined
    at Function.use (E:\register api\Campus_Recruitment_App\backend\node_modules\express\lib\router\index.js:458:13)
    at Object.<anonymous> (E:\register api\Campus_Recruitment_App\backend\routes\auth.js:35:8)
    at Module._compile (internal/modules/cjs/loader.js:1158:30)
    at Object.Module._extensions..js (internal/modules/cjs/loader.js:1178:10)
    at Module.load (internal/modules/cjs/loader.js:1002:32)
    at Function.Module._load (internal/modules/cjs/loader.js:901:14)
    at Module.require (internal/modules/cjs/loader.js:1044:19)
    at require (internal/modules/cjs/helpers.js:77:18)
    at Object.<anonymous> (E:\register api\Campus_Recruitment_App\backend\index.js:8:19)
    at Module._compile (internal/modules/cjs/loader.js:1158:30)
    at Object.Module._extensions..js (internal/modules/cjs/loader.js:1178:10)
    at Module.load (internal/modules/cjs/loader.js:1002:32)
    at Function.Module._load (internal/modules/cjs/loader.js:901:14)
    at Module.require (internal/modules/cjs/loader.js:1044:19)
    at require (internal/modules/cjs/helpers.js:77:18)
    at Object.<anonymous> (E:\register api\Campus_Recruitment_App\backend\server.js:1:13) {"error":{},"stack":"TypeError: Router.use() requires a middleware function but got a undefined\n    at Function.use (E:\\register api\\Campus_Recruitment_App\\backend\\node_modules\\express\\lib\\router\\index.js:458:13)\n    at Object.<anonymous> (E:\\register api\\Campus_Recruitment_App\\backend\\routes\\auth.js:35:8)\n    at Module._compile (internal/modules/cjs/loader.js:1158:30)\n    at Object.Module._extensions..js (internal/modules/cjs/loader.js:1178:10)\n    at Module.load (internal/modules/cjs/loader.js:1002:32)\n    at Function.Module._load (internal/modules/cjs/loader.js:901:14)\n    at Module.require (internal/modules/cjs/loader.js:1044:19)\n    at require (internal/modules/cjs/helpers.js:77:18)\n    at Object.<anonymous> (E:\\register api\\Campus_Recruitment_App\\backend\\index.js:8:19)\n    at Module._compile (internal/modules/cjs/loader.js:1158:30)\n    at Object.Module._extensions..js (internal/modules/cjs/loader.js:1178:10)\n    at Module.load (internal/modules/cjs/loader.js:1002:32)\n    at Function.Module._load (internal/modules/cjs/loader.js:901:14)\n    at Module.require (internal/modules/cjs/loader.js:1044:19)\n    at require (internal/modules/cjs/helpers.js:77:18)\n    at Object.<anonymous> (E:\\register api\\Campus_Recruitment_App\\backend\\server.js:1:13)","exception":true,"date":"Mon May 25 2020 22:45:35 GMT+0530 (India Standard Time)","process":{"pid":16368,"uid":null,"gid":null,"cwd":"E:\\register api\\Campus_Recruitment_App\\backend","execPath":"C:\\Program Files\\nodejs\\node.exe","version":"v12.16.1","argv":["C:\\Program Files\\nodejs\\node.exe","E:\\register api\\Campus_Recruitment_App\\backend\\server.js"],"memoryUsage":{"rss":58519552,"heapTotal":35659776,"heapUsed":21968856,"external":19712290}},"os":{"loadavg":[0,0,0],"uptime":53267},"trace":[{"column":13,"file":"E:\\register api\\Campus_Recruitment_App\\backend\\node_modules\\express\\lib\\router\\index.js","function":"Function.use","line":458,"method":"use","native":false},{"column":8,"file":"E:\\register api\\Campus_Recruitment_App\\backend\\routes\\auth.js","function":null,"line":35,"method":null,"native":false},{"column":30,"file":"internal/modules/cjs/loader.js","function":"Module._compile","line":1158,"method":"_compile","native":false},{"column":10,"file":"internal/modules/cjs/loader.js","function":"Module._extensions..js","line":1178,"method":".js","native":false},{"column":32,"file":"internal/modules/cjs/loader.js","function":"Module.load","line":1002,"method":"load","native":false},{"column":14,"file":"internal/modules/cjs/loader.js","function":"Module._load","line":901,"method":"_load","native":false},{"column":19,"file":"internal/modules/cjs/loader.js","function":"Module.require","line":1044,"method":"require","native":false},{"column":18,"file":"internal/modules/cjs/helpers.js","function":"require","line":77,"method":null,"native":false},{"column":19,"file":"E:\\register api\\Campus_Recruitment_App\\backend\\index.js","function":null,"line":8,"method":null,"native":false},{"column":30,"file":"internal/modules/cjs/loader.js","function":"Module._compile","line":1158,"method":"_compile","native":false},{"column":10,"file":"internal/modules/cjs/loader.js","function":"Module._extensions..js","line":1178,"method":".js","native":false},{"column":32,"file":"internal/modules/cjs/loader.js","function":"Module.load","line":1002,"method":"load","native":false},{"column":14,"file":"internal/modules/cjs/loader.js","function":"Module._load","line":901,"method":"_load","native":false},{"column":19,"file":"internal/modules/cjs/loader.js","function":"Module.require","line":1044,"method":"require","native":false},{"column":18,"file":"internal/modules/cjs/helpers.js","function":"require","line":77,"method":null,"native":false},{"column":13,"file":"E:\\register api\\Campus_Recruitment_App\\backend\\server.js","function":null,"line":1,"method":null,"native":false}],"timestamp":"2020-05-25T17:15:35.439Z"}
error: uncaughtException: listen EADDRINUSE: address already in use :::3800
Error: listen EADDRINUSE: address already in use :::3800
    at Server.setupListenHandle [as _listen2] (net.js:1309:16)
    at listenInCluster (net.js:1357:12)
    at Server.listen (net.js:1445:7)
    at Function.listen (C:\Users\SHIKHA GUPTA\Desktop\Einn_Campus\Campus_Recruitment_App\backend\node_modules\express\lib\application.js:618:24)
    at Object.<anonymous> (C:\Users\SHIKHA GUPTA\Desktop\Einn_Campus\Campus_Recruitment_App\backend\server.js:3:22)
    at Module._compile (internal/modules/cjs/loader.js:1158:30)
    at Object.Module._extensions..js (internal/modules/cjs/loader.js:1178:10)
    at Module.load (internal/modules/cjs/loader.js:1002:32)
    at Function.Module._load (internal/modules/cjs/loader.js:901:14)
    at Function.executeUserEntryPoint [as runMain] (internal/modules/run_main.js:74:12)
    at internal/main/run_main_module.js:18:47 {"error":{"code":"EADDRINUSE","errno":"EADDRINUSE","syscall":"listen","address":"::","port":3800},"stack":"Error: listen EADDRINUSE: address already in use :::3800\n    at Server.setupListenHandle [as _listen2] (net.js:1309:16)\n    at listenInCluster (net.js:1357:12)\n    at Server.listen (net.js:1445:7)\n    at Function.listen (C:\\Users\\SHIKHA GUPTA\\Desktop\\Einn_Campus\\Campus_Recruitment_App\\backend\\node_modules\\express\\lib\\application.js:618:24)\n    at Object.<anonymous> (C:\\Users\\SHIKHA GUPTA\\Desktop\\Einn_Campus\\Campus_Recruitment_App\\backend\\server.js:3:22)\n    at Module._compile (internal/modules/cjs/loader.js:1158:30)\n    at Object.Module._extensions..js (internal/modules/cjs/loader.js:1178:10)\n    at Module.load (internal/modules/cjs/loader.js:1002:32)\n    at Function.Module._load (internal/modules/cjs/loader.js:901:14)\n    at Function.executeUserEntryPoint [as runMain] (internal/modules/run_main.js:74:12)\n    at internal/main/run_main_module.js:18:47","exception":true,"date":"Mon May 25 2020 23:05:44 GMT+0530 (India Standard Time)","process":{"pid":14888,"uid":null,"gid":null,"cwd":"C:\\Users\\SHIKHA GUPTA\\Desktop\\Einn_Campus\\Campus_Recruitment_App\\backend","execPath":"C:\\Program Files\\nodejs\\node.exe","version":"v12.16.1","argv":["C:\\Program Files\\nodejs\\node.exe","C:\\Users\\SHIKHA GUPTA\\Desktop\\Einn_Campus\\Campus_Recruitment_App\\backend\\server.js"],"memoryUsage":{"rss":59404288,"heapTotal":35745792,"heapUsed":21970024,"external":19739742}},"os":{"loadavg":[0,0,0],"uptime":1076464},"trace":[{"column":16,"file":"net.js","function":"Server.setupListenHandle [as _listen2]","line":1309,"method":"setupListenHandle [as _listen2]","native":false},{"column":12,"file":"net.js","function":"listenInCluster","line":1357,"method":null,"native":false},{"column":7,"file":"net.js","function":"Server.listen","line":1445,"method":"listen","native":false},{"column":24,"file":"C:\\Users\\SHIKHA GUPTA\\Desktop\\Einn_Campus\\Campus_Recruitment_App\\backend\\node_modules\\express\\lib\\application.js","function":"Function.listen","line":618,"method":"listen","native":false},{"column":22,"file":"C:\\Users\\SHIKHA GUPTA\\Desktop\\Einn_Campus\\Campus_Recruitment_App\\backend\\server.js","function":null,"line":3,"method":null,"native":false},{"column":30,"file":"internal/modules/cjs/loader.js","function":"Module._compile","line":1158,"method":"_compile","native":false},{"column":10,"file":"internal/modules/cjs/loader.js","function":"Module._extensions..js","line":1178,"method":".js","native":false},{"column":32,"file":"internal/modules/cjs/loader.js","function":"Module.load","line":1002,"method":"load","native":false},{"column":14,"file":"internal/modules/cjs/loader.js","function":"Module._load","line":901,"method":"_load","native":false},{"column":12,"file":"internal/modules/run_main.js","function":"Function.executeUserEntryPoint [as runMain]","line":74,"method":"executeUserEntryPoint [as runMain]","native":false},{"column":47,"file":"internal/main/run_main_module.js","function":null,"line":18,"method":null,"native":false}],"timestamp":"2020-05-25T17:35:44.670Z"}
error: uncaughtException: listen EADDRINUSE: address already in use :::3800
Error: listen EADDRINUSE: address already in use :::3800
    at Server.setupListenHandle [as _listen2] (net.js:1309:16)
    at listenInCluster (net.js:1357:12)
    at Server.listen (net.js:1445:7)
    at Function.listen (C:\Users\SHIKHA GUPTA\Desktop\Einn_Campus\Campus_Recruitment_App\backend\node_modules\express\lib\application.js:618:24)
    at Object.<anonymous> (C:\Users\SHIKHA GUPTA\Desktop\Einn_Campus\Campus_Recruitment_App\backend\server.js:3:22)
    at Module._compile (internal/modules/cjs/loader.js:1158:30)
    at Object.Module._extensions..js (internal/modules/cjs/loader.js:1178:10)
    at Module.load (internal/modules/cjs/loader.js:1002:32)
    at Function.Module._load (internal/modules/cjs/loader.js:901:14)
    at Function.executeUserEntryPoint [as runMain] (internal/modules/run_main.js:74:12)
    at internal/main/run_main_module.js:18:47 {"error":{"code":"EADDRINUSE","errno":"EADDRINUSE","syscall":"listen","address":"::","port":3800},"stack":"Error: listen EADDRINUSE: address already in use :::3800\n    at Server.setupListenHandle [as _listen2] (net.js:1309:16)\n    at listenInCluster (net.js:1357:12)\n    at Server.listen (net.js:1445:7)\n    at Function.listen (C:\\Users\\SHIKHA GUPTA\\Desktop\\Einn_Campus\\Campus_Recruitment_App\\backend\\node_modules\\express\\lib\\application.js:618:24)\n    at Object.<anonymous> (C:\\Users\\SHIKHA GUPTA\\Desktop\\Einn_Campus\\Campus_Recruitment_App\\backend\\server.js:3:22)\n    at Module._compile (internal/modules/cjs/loader.js:1158:30)\n    at Object.Module._extensions..js (internal/modules/cjs/loader.js:1178:10)\n    at Module.load (internal/modules/cjs/loader.js:1002:32)\n    at Function.Module._load (internal/modules/cjs/loader.js:901:14)\n    at Function.executeUserEntryPoint [as runMain] (internal/modules/run_main.js:74:12)\n    at internal/main/run_main_module.js:18:47","exception":true,"date":"Mon May 25 2020 23:07:10 GMT+0530 (India Standard Time)","process":{"pid":9840,"uid":null,"gid":null,"cwd":"C:\\Users\\SHIKHA GUPTA\\Desktop\\Einn_Campus\\Campus_Recruitment_App\\backend","execPath":"C:\\Program Files\\nodejs\\node.exe","version":"v12.16.1","argv":["C:\\Program Files\\nodejs\\node.exe","C:\\Users\\SHIKHA GUPTA\\Desktop\\Einn_Campus\\Campus_Recruitment_App\\backend\\server.js"],"memoryUsage":{"rss":58568704,"heapTotal":34959360,"heapUsed":24754936,"external":20022207}},"os":{"loadavg":[0,0,0],"uptime":1076549},"trace":[{"column":16,"file":"net.js","function":"Server.setupListenHandle [as _listen2]","line":1309,"method":"setupListenHandle [as _listen2]","native":false},{"column":12,"file":"net.js","function":"listenInCluster","line":1357,"method":null,"native":false},{"column":7,"file":"net.js","function":"Server.listen","line":1445,"method":"listen","native":false},{"column":24,"file":"C:\\Users\\SHIKHA GUPTA\\Desktop\\Einn_Campus\\Campus_Recruitment_App\\backend\\node_modules\\express\\lib\\application.js","function":"Function.listen","line":618,"method":"listen","native":false},{"column":22,"file":"C:\\Users\\SHIKHA GUPTA\\Desktop\\Einn_Campus\\Campus_Recruitment_App\\backend\\server.js","function":null,"line":3,"method":null,"native":false},{"column":30,"file":"internal/modules/cjs/loader.js","function":"Module._compile","line":1158,"method":"_compile","native":false},{"column":10,"file":"internal/modules/cjs/loader.js","function":"Module._extensions..js","line":1178,"method":".js","native":false},{"column":32,"file":"internal/modules/cjs/loader.js","function":"Module.load","line":1002,"method":"load","native":false},{"column":14,"file":"internal/modules/cjs/loader.js","function":"Module._load","line":901,"method":"_load","native":false},{"column":12,"file":"internal/modules/run_main.js","function":"Function.executeUserEntryPoint [as runMain]","line":74,"method":"executeUserEntryPoint [as runMain]","native":false},{"column":47,"file":"internal/main/run_main_module.js","function":null,"line":18,"method":null,"native":false}],"timestamp":"2020-05-25T17:37:10.160Z"}
error: uncaughtException: listen EADDRINUSE: address already in use :::3800
Error: listen EADDRINUSE: address already in use :::3800
    at Server.setupListenHandle [as _listen2] (net.js:1309:16)
    at listenInCluster (net.js:1357:12)
    at Server.listen (net.js:1445:7)
    at Function.listen (C:\Users\SHIKHA GUPTA\Desktop\Einn_Campus\Campus_Recruitment_App\backend\node_modules\express\lib\application.js:618:24)
    at Object.<anonymous> (C:\Users\SHIKHA GUPTA\Desktop\Einn_Campus\Campus_Recruitment_App\backend\server.js:3:22)
    at Module._compile (internal/modules/cjs/loader.js:1158:30)
    at Object.Module._extensions..js (internal/modules/cjs/loader.js:1178:10)
    at Module.load (internal/modules/cjs/loader.js:1002:32)
    at Function.Module._load (internal/modules/cjs/loader.js:901:14)
    at Function.executeUserEntryPoint [as runMain] (internal/modules/run_main.js:74:12)
    at internal/main/run_main_module.js:18:47 {"error":{"code":"EADDRINUSE","errno":"EADDRINUSE","syscall":"listen","address":"::","port":3800},"stack":"Error: listen EADDRINUSE: address already in use :::3800\n    at Server.setupListenHandle [as _listen2] (net.js:1309:16)\n    at listenInCluster (net.js:1357:12)\n    at Server.listen (net.js:1445:7)\n    at Function.listen (C:\\Users\\SHIKHA GUPTA\\Desktop\\Einn_Campus\\Campus_Recruitment_App\\backend\\node_modules\\express\\lib\\application.js:618:24)\n    at Object.<anonymous> (C:\\Users\\SHIKHA GUPTA\\Desktop\\Einn_Campus\\Campus_Recruitment_App\\backend\\server.js:3:22)\n    at Module._compile (internal/modules/cjs/loader.js:1158:30)\n    at Object.Module._extensions..js (internal/modules/cjs/loader.js:1178:10)\n    at Module.load (internal/modules/cjs/loader.js:1002:32)\n    at Function.Module._load (internal/modules/cjs/loader.js:901:14)\n    at Function.executeUserEntryPoint [as runMain] (internal/modules/run_main.js:74:12)\n    at internal/main/run_main_module.js:18:47","exception":true,"date":"Mon May 25 2020 23:07:22 GMT+0530 (India Standard Time)","process":{"pid":13724,"uid":null,"gid":null,"cwd":"C:\\Users\\SHIKHA GUPTA\\Desktop\\Einn_Campus\\Campus_Recruitment_App\\backend","execPath":"C:\\Program Files\\nodejs\\node.exe","version":"v12.16.1","argv":["C:\\Program Files\\nodejs\\node.exe","C:\\Users\\SHIKHA GUPTA\\Desktop\\Einn_Campus\\Campus_Recruitment_App\\backend\\server.js"],"memoryUsage":{"rss":59105280,"heapTotal":35221504,"heapUsed":24909640,"external":20099998}},"os":{"loadavg":[0,0,0],"uptime":1076562},"trace":[{"column":16,"file":"net.js","function":"Server.setupListenHandle [as _listen2]","line":1309,"method":"setupListenHandle [as _listen2]","native":false},{"column":12,"file":"net.js","function":"listenInCluster","line":1357,"method":null,"native":false},{"column":7,"file":"net.js","function":"Server.listen","line":1445,"method":"listen","native":false},{"column":24,"file":"C:\\Users\\SHIKHA GUPTA\\Desktop\\Einn_Campus\\Campus_Recruitment_App\\backend\\node_modules\\express\\lib\\application.js","function":"Function.listen","line":618,"method":"listen","native":false},{"column":22,"file":"C:\\Users\\SHIKHA GUPTA\\Desktop\\Einn_Campus\\Campus_Recruitment_App\\backend\\server.js","function":null,"line":3,"method":null,"native":false},{"column":30,"file":"internal/modules/cjs/loader.js","function":"Module._compile","line":1158,"method":"_compile","native":false},{"column":10,"file":"internal/modules/cjs/loader.js","function":"Module._extensions..js","line":1178,"method":".js","native":false},{"column":32,"file":"internal/modules/cjs/loader.js","function":"Module.load","line":1002,"method":"load","native":false},{"column":14,"file":"internal/modules/cjs/loader.js","function":"Module._load","line":901,"method":"_load","native":false},{"column":12,"file":"internal/modules/run_main.js","function":"Function.executeUserEntryPoint [as runMain]","line":74,"method":"executeUserEntryPoint [as runMain]","native":false},{"column":47,"file":"internal/main/run_main_module.js","function":null,"line":18,"method":null,"native":false}],"timestamp":"2020-05-25T17:37:22.934Z"}
error: uncaughtException: verify is not defined
ReferenceError: verify is not defined
    at Object.<anonymous> (C:\Users\SHIKHA GUPTA\Desktop\Einn_Campus\Campus_Recruitment_App\backend\controller\registerController.js:74:3)
    at Module._compile (internal/modules/cjs/loader.js:1158:30)
    at Object.Module._extensions..js (internal/modules/cjs/loader.js:1178:10)
    at Module.load (internal/modules/cjs/loader.js:1002:32)
    at Function.Module._load (internal/modules/cjs/loader.js:901:14)
    at Module.require (internal/modules/cjs/loader.js:1044:19)
    at require (internal/modules/cjs/helpers.js:77:18)
    at Object.<anonymous> (C:\Users\SHIKHA GUPTA\Desktop\Einn_Campus\Campus_Recruitment_App\backend\routes\auth.js:5:23)
    at Module._compile (internal/modules/cjs/loader.js:1158:30)
    at Object.Module._extensions..js (internal/modules/cjs/loader.js:1178:10)
    at Module.load (internal/modules/cjs/loader.js:1002:32)
    at Function.Module._load (internal/modules/cjs/loader.js:901:14)
    at Module.require (internal/modules/cjs/loader.js:1044:19)
    at require (internal/modules/cjs/helpers.js:77:18)
    at Object.<anonymous> (C:\Users\SHIKHA GUPTA\Desktop\Einn_Campus\Campus_Recruitment_App\backend\index.js:8:19)
    at Module._compile (internal/modules/cjs/loader.js:1158:30) {"error":{},"stack":"ReferenceError: verify is not defined\n    at Object.<anonymous> (C:\\Users\\SHIKHA GUPTA\\Desktop\\Einn_Campus\\Campus_Recruitment_App\\backend\\controller\\registerController.js:74:3)\n    at Module._compile (internal/modules/cjs/loader.js:1158:30)\n    at Object.Module._extensions..js (internal/modules/cjs/loader.js:1178:10)\n    at Module.load (internal/modules/cjs/loader.js:1002:32)\n    at Function.Module._load (internal/modules/cjs/loader.js:901:14)\n    at Module.require (internal/modules/cjs/loader.js:1044:19)\n    at require (internal/modules/cjs/helpers.js:77:18)\n    at Object.<anonymous> (C:\\Users\\SHIKHA GUPTA\\Desktop\\Einn_Campus\\Campus_Recruitment_App\\backend\\routes\\auth.js:5:23)\n    at Module._compile (internal/modules/cjs/loader.js:1158:30)\n    at Object.Module._extensions..js (internal/modules/cjs/loader.js:1178:10)\n    at Module.load (internal/modules/cjs/loader.js:1002:32)\n    at Function.Module._load (internal/modules/cjs/loader.js:901:14)\n    at Module.require (internal/modules/cjs/loader.js:1044:19)\n    at require (internal/modules/cjs/helpers.js:77:18)\n    at Object.<anonymous> (C:\\Users\\SHIKHA GUPTA\\Desktop\\Einn_Campus\\Campus_Recruitment_App\\backend\\index.js:8:19)\n    at Module._compile (internal/modules/cjs/loader.js:1158:30)","exception":true,"date":"Tue May 26 2020 10:47:07 GMT+0530 (India Standard Time)","process":{"pid":16988,"uid":null,"gid":null,"cwd":"C:\\Users\\SHIKHA GUPTA\\Desktop\\Einn_Campus\\Campus_Recruitment_App\\backend","execPath":"C:\\Program Files\\nodejs\\node.exe","version":"v12.16.1","argv":["C:\\Program Files\\nodejs\\node.exe","C:\\Users\\SHIKHA GUPTA\\Desktop\\Einn_Campus\\Campus_Recruitment_App\\backend\\server.js"],"memoryUsage":{"rss":57106432,"heapTotal":34959360,"heapUsed":21709360,"external":19764620}},"os":{"loadavg":[0,0,0],"uptime":1118547},"trace":[{"column":3,"file":"C:\\Users\\SHIKHA GUPTA\\Desktop\\Einn_Campus\\Campus_Recruitment_App\\backend\\controller\\registerController.js","function":null,"line":74,"method":null,"native":false},{"column":30,"file":"internal/modules/cjs/loader.js","function":"Module._compile","line":1158,"method":"_compile","native":false},{"column":10,"file":"internal/modules/cjs/loader.js","function":"Module._extensions..js","line":1178,"method":".js","native":false},{"column":32,"file":"internal/modules/cjs/loader.js","function":"Module.load","line":1002,"method":"load","native":false},{"column":14,"file":"internal/modules/cjs/loader.js","function":"Module._load","line":901,"method":"_load","native":false},{"column":19,"file":"internal/modules/cjs/loader.js","function":"Module.require","line":1044,"method":"require","native":false},{"column":18,"file":"internal/modules/cjs/helpers.js","function":"require","line":77,"method":null,"native":false},{"column":23,"file":"C:\\Users\\SHIKHA GUPTA\\Desktop\\Einn_Campus\\Campus_Recruitment_App\\backend\\routes\\auth.js","function":null,"line":5,"method":null,"native":false},{"column":30,"file":"internal/modules/cjs/loader.js","function":"Module._compile","line":1158,"method":"_compile","native":false},{"column":10,"file":"internal/modules/cjs/loader.js","function":"Module._extensions..js","line":1178,"method":".js","native":false},{"column":32,"file":"internal/modules/cjs/loader.js","function":"Module.load","line":1002,"method":"load","native":false},{"column":14,"file":"internal/modules/cjs/loader.js","function":"Module._load","line":901,"method":"_load","native":false},{"column":19,"file":"internal/modules/cjs/loader.js","function":"Module.require","line":1044,"method":"require","native":false},{"column":18,"file":"internal/modules/cjs/helpers.js","function":"require","line":77,"method":null,"native":false},{"column":19,"file":"C:\\Users\\SHIKHA GUPTA\\Desktop\\Einn_Campus\\Campus_Recruitment_App\\backend\\index.js","function":null,"line":8,"method":null,"native":false},{"column":30,"file":"internal/modules/cjs/loader.js","function":"Module._compile","line":1158,"method":"_compile","native":false}],"timestamp":"2020-05-26T05:17:07.435Z"}
error: uncaughtException: verify is not defined
ReferenceError: verify is not defined
    at Object.<anonymous> (C:\Users\SHIKHA GUPTA\Desktop\Einn_Campus\Campus_Recruitment_App\backend\controller\registerController.js:74:3)
    at Module._compile (internal/modules/cjs/loader.js:1158:30)
    at Object.Module._extensions..js (internal/modules/cjs/loader.js:1178:10)
    at Module.load (internal/modules/cjs/loader.js:1002:32)
    at Function.Module._load (internal/modules/cjs/loader.js:901:14)
    at Module.require (internal/modules/cjs/loader.js:1044:19)
    at require (internal/modules/cjs/helpers.js:77:18)
    at Object.<anonymous> (C:\Users\SHIKHA GUPTA\Desktop\Einn_Campus\Campus_Recruitment_App\backend\routes\auth.js:5:23)
    at Module._compile (internal/modules/cjs/loader.js:1158:30)
    at Object.Module._extensions..js (internal/modules/cjs/loader.js:1178:10)
    at Module.load (internal/modules/cjs/loader.js:1002:32)
    at Function.Module._load (internal/modules/cjs/loader.js:901:14)
    at Module.require (internal/modules/cjs/loader.js:1044:19)
    at require (internal/modules/cjs/helpers.js:77:18)
    at Object.<anonymous> (C:\Users\SHIKHA GUPTA\Desktop\Einn_Campus\Campus_Recruitment_App\backend\index.js:8:19)
    at Module._compile (internal/modules/cjs/loader.js:1158:30) {"error":{},"stack":"ReferenceError: verify is not defined\n    at Object.<anonymous> (C:\\Users\\SHIKHA GUPTA\\Desktop\\Einn_Campus\\Campus_Recruitment_App\\backend\\controller\\registerController.js:74:3)\n    at Module._compile (internal/modules/cjs/loader.js:1158:30)\n    at Object.Module._extensions..js (internal/modules/cjs/loader.js:1178:10)\n    at Module.load (internal/modules/cjs/loader.js:1002:32)\n    at Function.Module._load (internal/modules/cjs/loader.js:901:14)\n    at Module.require (internal/modules/cjs/loader.js:1044:19)\n    at require (internal/modules/cjs/helpers.js:77:18)\n    at Object.<anonymous> (C:\\Users\\SHIKHA GUPTA\\Desktop\\Einn_Campus\\Campus_Recruitment_App\\backend\\routes\\auth.js:5:23)\n    at Module._compile (internal/modules/cjs/loader.js:1158:30)\n    at Object.Module._extensions..js (internal/modules/cjs/loader.js:1178:10)\n    at Module.load (internal/modules/cjs/loader.js:1002:32)\n    at Function.Module._load (internal/modules/cjs/loader.js:901:14)\n    at Module.require (internal/modules/cjs/loader.js:1044:19)\n    at require (internal/modules/cjs/helpers.js:77:18)\n    at Object.<anonymous> (C:\\Users\\SHIKHA GUPTA\\Desktop\\Einn_Campus\\Campus_Recruitment_App\\backend\\index.js:8:19)\n    at Module._compile (internal/modules/cjs/loader.js:1158:30)","exception":true,"date":"Tue May 26 2020 10:48:35 GMT+0530 (India Standard Time)","process":{"pid":17164,"uid":null,"gid":null,"cwd":"C:\\Users\\SHIKHA GUPTA\\Desktop\\Einn_Campus\\Campus_Recruitment_App\\backend","execPath":"C:\\Program Files\\nodejs\\node.exe","version":"v12.16.1","argv":["C:\\Program Files\\nodejs\\node.exe","C:\\Users\\SHIKHA GUPTA\\Desktop\\Einn_Campus\\Campus_Recruitment_App\\backend\\server.js"],"memoryUsage":{"rss":56967168,"heapTotal":35221504,"heapUsed":21513792,"external":19756428}},"os":{"loadavg":[0,0,0],"uptime":1118635},"trace":[{"column":3,"file":"C:\\Users\\SHIKHA GUPTA\\Desktop\\Einn_Campus\\Campus_Recruitment_App\\backend\\controller\\registerController.js","function":null,"line":74,"method":null,"native":false},{"column":30,"file":"internal/modules/cjs/loader.js","function":"Module._compile","line":1158,"method":"_compile","native":false},{"column":10,"file":"internal/modules/cjs/loader.js","function":"Module._extensions..js","line":1178,"method":".js","native":false},{"column":32,"file":"internal/modules/cjs/loader.js","function":"Module.load","line":1002,"method":"load","native":false},{"column":14,"file":"internal/modules/cjs/loader.js","function":"Module._load","line":901,"method":"_load","native":false},{"column":19,"file":"internal/modules/cjs/loader.js","function":"Module.require","line":1044,"method":"require","native":false},{"column":18,"file":"internal/modules/cjs/helpers.js","function":"require","line":77,"method":null,"native":false},{"column":23,"file":"C:\\Users\\SHIKHA GUPTA\\Desktop\\Einn_Campus\\Campus_Recruitment_App\\backend\\routes\\auth.js","function":null,"line":5,"method":null,"native":false},{"column":30,"file":"internal/modules/cjs/loader.js","function":"Module._compile","line":1158,"method":"_compile","native":false},{"column":10,"file":"internal/modules/cjs/loader.js","function":"Module._extensions..js","line":1178,"method":".js","native":false},{"column":32,"file":"internal/modules/cjs/loader.js","function":"Module.load","line":1002,"method":"load","native":false},{"column":14,"file":"internal/modules/cjs/loader.js","function":"Module._load","line":901,"method":"_load","native":false},{"column":19,"file":"internal/modules/cjs/loader.js","function":"Module.require","line":1044,"method":"require","native":false},{"column":18,"file":"internal/modules/cjs/helpers.js","function":"require","line":77,"method":null,"native":false},{"column":19,"file":"C:\\Users\\SHIKHA GUPTA\\Desktop\\Einn_Campus\\Campus_Recruitment_App\\backend\\index.js","function":null,"line":8,"method":null,"native":false},{"column":30,"file":"internal/modules/cjs/loader.js","function":"Module._compile","line":1158,"method":"_compile","native":false}],"timestamp":"2020-05-26T05:18:35.212Z"}
error: uncaughtException: verify is not defined
ReferenceError: verify is not defined
    at Object.<anonymous> (C:\Users\SHIKHA GUPTA\Desktop\Einn_Campus\Campus_Recruitment_App\backend\controller\registerController.js:74:3)
    at Module._compile (internal/modules/cjs/loader.js:1158:30)
    at Object.Module._extensions..js (internal/modules/cjs/loader.js:1178:10)
    at Module.load (internal/modules/cjs/loader.js:1002:32)
    at Function.Module._load (internal/modules/cjs/loader.js:901:14)
    at Module.require (internal/modules/cjs/loader.js:1044:19)
    at require (internal/modules/cjs/helpers.js:77:18)
    at Object.<anonymous> (C:\Users\SHIKHA GUPTA\Desktop\Einn_Campus\Campus_Recruitment_App\backend\routes\auth.js:5:23)
    at Module._compile (internal/modules/cjs/loader.js:1158:30)
    at Object.Module._extensions..js (internal/modules/cjs/loader.js:1178:10)
    at Module.load (internal/modules/cjs/loader.js:1002:32)
    at Function.Module._load (internal/modules/cjs/loader.js:901:14)
    at Module.require (internal/modules/cjs/loader.js:1044:19)
    at require (internal/modules/cjs/helpers.js:77:18)
    at Object.<anonymous> (C:\Users\SHIKHA GUPTA\Desktop\Einn_Campus\Campus_Recruitment_App\backend\index.js:8:19)
    at Module._compile (internal/modules/cjs/loader.js:1158:30) {"error":{},"stack":"ReferenceError: verify is not defined\n    at Object.<anonymous> (C:\\Users\\SHIKHA GUPTA\\Desktop\\Einn_Campus\\Campus_Recruitment_App\\backend\\controller\\registerController.js:74:3)\n    at Module._compile (internal/modules/cjs/loader.js:1158:30)\n    at Object.Module._extensions..js (internal/modules/cjs/loader.js:1178:10)\n    at Module.load (internal/modules/cjs/loader.js:1002:32)\n    at Function.Module._load (internal/modules/cjs/loader.js:901:14)\n    at Module.require (internal/modules/cjs/loader.js:1044:19)\n    at require (internal/modules/cjs/helpers.js:77:18)\n    at Object.<anonymous> (C:\\Users\\SHIKHA GUPTA\\Desktop\\Einn_Campus\\Campus_Recruitment_App\\backend\\routes\\auth.js:5:23)\n    at Module._compile (internal/modules/cjs/loader.js:1158:30)\n    at Object.Module._extensions..js (internal/modules/cjs/loader.js:1178:10)\n    at Module.load (internal/modules/cjs/loader.js:1002:32)\n    at Function.Module._load (internal/modules/cjs/loader.js:901:14)\n    at Module.require (internal/modules/cjs/loader.js:1044:19)\n    at require (internal/modules/cjs/helpers.js:77:18)\n    at Object.<anonymous> (C:\\Users\\SHIKHA GUPTA\\Desktop\\Einn_Campus\\Campus_Recruitment_App\\backend\\index.js:8:19)\n    at Module._compile (internal/modules/cjs/loader.js:1158:30)","exception":true,"date":"Tue May 26 2020 10:48:39 GMT+0530 (India Standard Time)","process":{"pid":12568,"uid":null,"gid":null,"cwd":"C:\\Users\\SHIKHA GUPTA\\Desktop\\Einn_Campus\\Campus_Recruitment_App\\backend","execPath":"C:\\Program Files\\nodejs\\node.exe","version":"v12.16.1","argv":["C:\\Program Files\\nodejs\\node.exe","C:\\Users\\SHIKHA GUPTA\\Desktop\\Einn_Campus\\Campus_Recruitment_App\\backend\\server.js"],"memoryUsage":{"rss":57184256,"heapTotal":35221504,"heapUsed":21656936,"external":19764620}},"os":{"loadavg":[0,0,0],"uptime":1118639},"trace":[{"column":3,"file":"C:\\Users\\SHIKHA GUPTA\\Desktop\\Einn_Campus\\Campus_Recruitment_App\\backend\\controller\\registerController.js","function":null,"line":74,"method":null,"native":false},{"column":30,"file":"internal/modules/cjs/loader.js","function":"Module._compile","line":1158,"method":"_compile","native":false},{"column":10,"file":"internal/modules/cjs/loader.js","function":"Module._extensions..js","line":1178,"method":".js","native":false},{"column":32,"file":"internal/modules/cjs/loader.js","function":"Module.load","line":1002,"method":"load","native":false},{"column":14,"file":"internal/modules/cjs/loader.js","function":"Module._load","line":901,"method":"_load","native":false},{"column":19,"file":"internal/modules/cjs/loader.js","function":"Module.require","line":1044,"method":"require","native":false},{"column":18,"file":"internal/modules/cjs/helpers.js","function":"require","line":77,"method":null,"native":false},{"column":23,"file":"C:\\Users\\SHIKHA GUPTA\\Desktop\\Einn_Campus\\Campus_Recruitment_App\\backend\\routes\\auth.js","function":null,"line":5,"method":null,"native":false},{"column":30,"file":"internal/modules/cjs/loader.js","function":"Module._compile","line":1158,"method":"_compile","native":false},{"column":10,"file":"internal/modules/cjs/loader.js","function":"Module._extensions..js","line":1178,"method":".js","native":false},{"column":32,"file":"internal/modules/cjs/loader.js","function":"Module.load","line":1002,"method":"load","native":false},{"column":14,"file":"internal/modules/cjs/loader.js","function":"Module._load","line":901,"method":"_load","native":false},{"column":19,"file":"internal/modules/cjs/loader.js","function":"Module.require","line":1044,"method":"require","native":false},{"column":18,"file":"internal/modules/cjs/helpers.js","function":"require","line":77,"method":null,"native":false},{"column":19,"file":"C:\\Users\\SHIKHA GUPTA\\Desktop\\Einn_Campus\\Campus_Recruitment_App\\backend\\index.js","function":null,"line":8,"method":null,"native":false},{"column":30,"file":"internal/modules/cjs/loader.js","function":"Module._compile","line":1158,"method":"_compile","native":false}],"timestamp":"2020-05-26T05:18:39.265Z"}
error: uncaughtException: verify is not defined
ReferenceError: verify is not defined
    at Object.<anonymous> (C:\Users\SHIKHA GUPTA\Desktop\Einn_Campus\Campus_Recruitment_App\backend\controller\registerController.js:74:3)
    at Module._compile (internal/modules/cjs/loader.js:1158:30)
    at Object.Module._extensions..js (internal/modules/cjs/loader.js:1178:10)
    at Module.load (internal/modules/cjs/loader.js:1002:32)
    at Function.Module._load (internal/modules/cjs/loader.js:901:14)
    at Module.require (internal/modules/cjs/loader.js:1044:19)
    at require (internal/modules/cjs/helpers.js:77:18)
    at Object.<anonymous> (C:\Users\SHIKHA GUPTA\Desktop\Einn_Campus\Campus_Recruitment_App\backend\routes\auth.js:5:23)
    at Module._compile (internal/modules/cjs/loader.js:1158:30)
    at Object.Module._extensions..js (internal/modules/cjs/loader.js:1178:10)
    at Module.load (internal/modules/cjs/loader.js:1002:32)
    at Function.Module._load (internal/modules/cjs/loader.js:901:14)
    at Module.require (internal/modules/cjs/loader.js:1044:19)
    at require (internal/modules/cjs/helpers.js:77:18)
    at Object.<anonymous> (C:\Users\SHIKHA GUPTA\Desktop\Einn_Campus\Campus_Recruitment_App\backend\index.js:8:19)
    at Module._compile (internal/modules/cjs/loader.js:1158:30) {"error":{},"stack":"ReferenceError: verify is not defined\n    at Object.<anonymous> (C:\\Users\\SHIKHA GUPTA\\Desktop\\Einn_Campus\\Campus_Recruitment_App\\backend\\controller\\registerController.js:74:3)\n    at Module._compile (internal/modules/cjs/loader.js:1158:30)\n    at Object.Module._extensions..js (internal/modules/cjs/loader.js:1178:10)\n    at Module.load (internal/modules/cjs/loader.js:1002:32)\n    at Function.Module._load (internal/modules/cjs/loader.js:901:14)\n    at Module.require (internal/modules/cjs/loader.js:1044:19)\n    at require (internal/modules/cjs/helpers.js:77:18)\n    at Object.<anonymous> (C:\\Users\\SHIKHA GUPTA\\Desktop\\Einn_Campus\\Campus_Recruitment_App\\backend\\routes\\auth.js:5:23)\n    at Module._compile (internal/modules/cjs/loader.js:1158:30)\n    at Object.Module._extensions..js (internal/modules/cjs/loader.js:1178:10)\n    at Module.load (internal/modules/cjs/loader.js:1002:32)\n    at Function.Module._load (internal/modules/cjs/loader.js:901:14)\n    at Module.require (internal/modules/cjs/loader.js:1044:19)\n    at require (internal/modules/cjs/helpers.js:77:18)\n    at Object.<anonymous> (C:\\Users\\SHIKHA GUPTA\\Desktop\\Einn_Campus\\Campus_Recruitment_App\\backend\\index.js:8:19)\n    at Module._compile (internal/modules/cjs/loader.js:1158:30)","exception":true,"date":"Tue May 26 2020 10:50:40 GMT+0530 (India Standard Time)","process":{"pid":16928,"uid":null,"gid":null,"cwd":"C:\\Users\\SHIKHA GUPTA\\Desktop\\Einn_Campus\\Campus_Recruitment_App\\backend","execPath":"C:\\Program Files\\nodejs\\node.exe","version":"v12.16.1","argv":["C:\\Program Files\\nodejs\\node.exe","C:\\Users\\SHIKHA GUPTA\\Desktop\\Einn_Campus\\Campus_Recruitment_App\\backend\\server.js"],"memoryUsage":{"rss":57290752,"heapTotal":34697216,"heapUsed":21758848,"external":19764620}},"os":{"loadavg":[0,0,0],"uptime":1118760},"trace":[{"column":3,"file":"C:\\Users\\SHIKHA GUPTA\\Desktop\\Einn_Campus\\Campus_Recruitment_App\\backend\\controller\\registerController.js","function":null,"line":74,"method":null,"native":false},{"column":30,"file":"internal/modules/cjs/loader.js","function":"Module._compile","line":1158,"method":"_compile","native":false},{"column":10,"file":"internal/modules/cjs/loader.js","function":"Module._extensions..js","line":1178,"method":".js","native":false},{"column":32,"file":"internal/modules/cjs/loader.js","function":"Module.load","line":1002,"method":"load","native":false},{"column":14,"file":"internal/modules/cjs/loader.js","function":"Module._load","line":901,"method":"_load","native":false},{"column":19,"file":"internal/modules/cjs/loader.js","function":"Module.require","line":1044,"method":"require","native":false},{"column":18,"file":"internal/modules/cjs/helpers.js","function":"require","line":77,"method":null,"native":false},{"column":23,"file":"C:\\Users\\SHIKHA GUPTA\\Desktop\\Einn_Campus\\Campus_Recruitment_App\\backend\\routes\\auth.js","function":null,"line":5,"method":null,"native":false},{"column":30,"file":"internal/modules/cjs/loader.js","function":"Module._compile","line":1158,"method":"_compile","native":false},{"column":10,"file":"internal/modules/cjs/loader.js","function":"Module._extensions..js","line":1178,"method":".js","native":false},{"column":32,"file":"internal/modules/cjs/loader.js","function":"Module.load","line":1002,"method":"load","native":false},{"column":14,"file":"internal/modules/cjs/loader.js","function":"Module._load","line":901,"method":"_load","native":false},{"column":19,"file":"internal/modules/cjs/loader.js","function":"Module.require","line":1044,"method":"require","native":false},{"column":18,"file":"internal/modules/cjs/helpers.js","function":"require","line":77,"method":null,"native":false},{"column":19,"file":"C:\\Users\\SHIKHA GUPTA\\Desktop\\Einn_Campus\\Campus_Recruitment_App\\backend\\index.js","function":null,"line":8,"method":null,"native":false},{"column":30,"file":"internal/modules/cjs/loader.js","function":"Module._compile","line":1158,"method":"_compile","native":false}],"timestamp":"2020-05-26T05:20:40.516Z"}
